Build started 3/16/2016 8:13:15 PM.
     1>Project "D:\Projects\Randomforest_Hand_Detector\Randomforest_Hand_Detector\Randomforest_Hand_Detector\Randomforest_Hand_Detector.vcxproj" on node 2 (Build target(s)).
     1>ClCompile:
         C:\Program Files (x86)\Microsoft Visual Studio 12.0\VC\bin\CL.exe /c /Zi /nologo /W3 /WX- /sdl /O2 /Oi /Oy- /GL /D WIN32 /D NDEBUG /D _CONSOLE /D _LIB /D _UNICODE /D UNICODE /Gm- /EHsc /MD /GS /Gy /fp:precise /Zc:wchar_t /Zc:forScope /Fo"Release\\" /Fd"Release\vc120.pdb" /Gd /TP /analyze- /errorReport:prompt ..\..\src\main.cpp ..\..\src\randomforest.cpp
         main.cpp
     1>d:\projects\randomforest_hand_detector\include\randomforest_base.hpp(20): warning C4305: 'initializing' : truncation from 'double' to 'const float'
     1>d:\projects\randomforest_hand_detector\include\randomforest_base.hpp(22): warning C4305: 'initializing' : truncation from 'double' to 'const float'
     1>d:\projects\randomforest_hand_detector\include\randomforest_base.hpp(23): warning C4305: 'initializing' : truncation from 'double' to 'const float'
     1>d:\projects\randomforest_hand_detector\include\randomforest_base.hpp(27): warning C4244: 'initializing' : conversion from 'double' to 'float', possible loss of data
         randomforest.cpp
     1>d:\projects\randomforest_hand_detector\include\randomforest_base.hpp(20): warning C4305: 'initializing' : truncation from 'double' to 'const float'
     1>d:\projects\randomforest_hand_detector\include\randomforest_base.hpp(22): warning C4305: 'initializing' : truncation from 'double' to 'const float'
     1>d:\projects\randomforest_hand_detector\include\randomforest_base.hpp(23): warning C4305: 'initializing' : truncation from 'double' to 'const float'
     1>d:\projects\randomforest_hand_detector\include\randomforest_base.hpp(27): warning C4244: 'initializing' : conversion from 'double' to 'float', possible loss of data
     1>..\..\src\randomforest.cpp(236): warning C4018: '<' : signed/unsigned mismatch
     1>..\..\src\randomforest.cpp(310): warning C4018: '<' : signed/unsigned mismatch
       Link:
         C:\Program Files (x86)\Microsoft Visual Studio 12.0\VC\bin\link.exe /ERRORREPORT:PROMPT /OUT:"D:\Projects\Randomforest_Hand_Detector\Randomforest_Hand_Detector\Release\Randomforest_Hand_Detector.exe" /INCREMENTAL:NO /NOLOGO opencv_ts300.lib opencv_world300.lib kernel32.lib user32.lib gdi32.lib winspool.lib comdlg32.lib advapi32.lib shell32.lib ole32.lib oleaut32.lib uuid.lib odbc32.lib odbccp32.lib /MANIFEST /MANIFESTUAC:"level='asInvoker' uiAccess='false'" /manifest:embed /DEBUG /PDB:"D:\Projects\Randomforest_Hand_Detector\Randomforest_Hand_Detector\Release\Randomforest_Hand_Detector.pdb" /SUBSYSTEM:CONSOLE /OPT:REF /OPT:ICF /LTCG /TLBID:1 /DYNAMICBASE /NXCOMPAT /IMPLIB:"D:\Projects\Randomforest_Hand_Detector\Randomforest_Hand_Detector\Release\Randomforest_Hand_Detector.lib" /MACHINE:X86 /SAFESEH Release\main.obj
         Release\randomforest.obj
         Release\randomforest_base.obj
         Generating code
         Finished generating code
         Randomforest_Hand_Detector.vcxproj -> D:\Projects\Randomforest_Hand_Detector\Randomforest_Hand_Detector\Release\Randomforest_Hand_Detector.exe
     1>Done Building Project "D:\Projects\Randomforest_Hand_Detector\Randomforest_Hand_Detector\Randomforest_Hand_Detector\Randomforest_Hand_Detector.vcxproj" (Build target(s)).

Build succeeded.

Time Elapsed 00:00:04.84
